<?xml version="1.0" encoding="UTF-8"?>
<testng-results ignored="0" total="26" passed="26" failed="0" skipped="0">
  <reporter-output>
  </reporter-output>
  <suite started-at="2024-08-29T14:56:20 IST" name="All Test Suite" finished-at="2024-08-29T15:00:37 IST" duration-ms="256799">
    <groups>
    </groups>
    <test started-at="2024-08-29T14:56:20 IST" name="E:/Kiran/Learning Nxtwave/TestngDemoProject" finished-at="2024-08-29T15:00:37 IST" duration-ms="256799">
      <class name="tests.CartPageTest">
        <test-method is-config="true" signature="setup()[pri:0, instance:tests.CartPageTest@696da30b]" started-at="2024-08-29T14:58:56 IST" name="setup" finished-at="2024-08-29T14:59:09 IST" duration-ms="12781" status="PASS">
          <reporter-output>
          </reporter-output>
        </test-method> <!-- setup -->
        <test-method signature="cpHeadingCheck()[pri:1, instance:tests.CartPageTest@696da30b]" started-at="2024-08-29T14:59:09 IST" name="cpHeadingCheck" finished-at="2024-08-29T14:59:09 IST" duration-ms="19" status="PASS">
          <reporter-output>
          </reporter-output>
        </test-method> <!-- cpHeadingCheck -->
        <test-method is-config="true" signature="TearDown()[pri:0, instance:tests.CartPageTest@696da30b]" started-at="2024-08-29T14:59:09 IST" name="TearDown" finished-at="2024-08-29T14:59:10 IST" duration-ms="773" status="PASS">
          <reporter-output>
          </reporter-output>
        </test-method> <!-- TearDown -->
        <test-method is-config="true" signature="setup()[pri:0, instance:tests.CartPageTest@696da30b]" started-at="2024-08-29T14:59:10 IST" name="setup" finished-at="2024-08-29T14:59:25 IST" duration-ms="14982" status="PASS">
          <reporter-output>
          </reporter-output>
        </test-method> <!-- setup -->
        <test-method signature="cpTotalListOfItemsCheck()[pri:2, instance:tests.CartPageTest@696da30b]" started-at="2024-08-29T14:59:25 IST" name="cpTotalListOfItemsCheck" finished-at="2024-08-29T14:59:25 IST" duration-ms="30" status="PASS">
          <reporter-output>
          </reporter-output>
        </test-method> <!-- cpTotalListOfItemsCheck -->
        <test-method is-config="true" signature="TearDown()[pri:0, instance:tests.CartPageTest@696da30b]" started-at="2024-08-29T14:59:25 IST" name="TearDown" finished-at="2024-08-29T14:59:25 IST" duration-ms="829" status="PASS">
          <reporter-output>
          </reporter-output>
        </test-method> <!-- TearDown -->
        <test-method is-config="true" signature="setup()[pri:0, instance:tests.CartPageTest@696da30b]" started-at="2024-08-29T14:59:25 IST" name="setup" finished-at="2024-08-29T14:59:37 IST" duration-ms="11883" status="PASS">
          <reporter-output>
          </reporter-output>
        </test-method> <!-- setup -->
        <test-method signature="cpRemoveSingleItemCheck()[pri:3, instance:tests.CartPageTest@696da30b]" started-at="2024-08-29T14:59:37 IST" name="cpRemoveSingleItemCheck" finished-at="2024-08-29T14:59:37 IST" duration-ms="78" status="PASS">
          <reporter-output>
          </reporter-output>
        </test-method> <!-- cpRemoveSingleItemCheck -->
        <test-method is-config="true" signature="TearDown()[pri:0, instance:tests.CartPageTest@696da30b]" started-at="2024-08-29T14:59:37 IST" name="TearDown" finished-at="2024-08-29T14:59:38 IST" duration-ms="768" status="PASS">
          <reporter-output>
          </reporter-output>
        </test-method> <!-- TearDown -->
        <test-method is-config="true" signature="setup()[pri:0, instance:tests.CartPageTest@696da30b]" started-at="2024-08-29T14:59:38 IST" name="setup" finished-at="2024-08-29T14:59:53 IST" duration-ms="15088" status="PASS">
          <reporter-output>
          </reporter-output>
        </test-method> <!-- setup -->
        <test-method signature="cpDecreaseButtonCheck()[pri:4, instance:tests.CartPageTest@696da30b]" started-at="2024-08-29T14:59:53 IST" name="cpDecreaseButtonCheck" finished-at="2024-08-29T14:59:53 IST" duration-ms="75" status="PASS">
          <reporter-output>
          </reporter-output>
        </test-method> <!-- cpDecreaseButtonCheck -->
        <test-method is-config="true" signature="TearDown()[pri:0, instance:tests.CartPageTest@696da30b]" started-at="2024-08-29T14:59:53 IST" name="TearDown" finished-at="2024-08-29T14:59:54 IST" duration-ms="831" status="PASS">
          <reporter-output>
          </reporter-output>
        </test-method> <!-- TearDown -->
        <test-method is-config="true" signature="setup()[pri:0, instance:tests.CartPageTest@696da30b]" started-at="2024-08-29T14:59:54 IST" name="setup" finished-at="2024-08-29T15:00:07 IST" duration-ms="12862" status="PASS">
          <reporter-output>
          </reporter-output>
        </test-method> <!-- setup -->
        <test-method signature="cpIncreaseButtonCheck()[pri:5, instance:tests.CartPageTest@696da30b]" started-at="2024-08-29T15:00:07 IST" name="cpIncreaseButtonCheck" finished-at="2024-08-29T15:00:07 IST" duration-ms="88" status="PASS">
          <reporter-output>
          </reporter-output>
        </test-method> <!-- cpIncreaseButtonCheck -->
        <test-method is-config="true" signature="TearDown()[pri:0, instance:tests.CartPageTest@696da30b]" started-at="2024-08-29T15:00:07 IST" name="TearDown" finished-at="2024-08-29T15:00:08 IST" duration-ms="803" status="PASS">
          <reporter-output>
          </reporter-output>
        </test-method> <!-- TearDown -->
        <test-method is-config="true" signature="setup()[pri:0, instance:tests.CartPageTest@696da30b]" started-at="2024-08-29T15:00:08 IST" name="setup" finished-at="2024-08-29T15:00:22 IST" duration-ms="13755" status="PASS">
          <reporter-output>
          </reporter-output>
        </test-method> <!-- setup -->
        <test-method signature="cpTotalPriceDisplayingVsSumOfAllItemsCheck()[pri:6, instance:tests.CartPageTest@696da30b]" started-at="2024-08-29T15:00:22 IST" name="cpTotalPriceDisplayingVsSumOfAllItemsCheck" finished-at="2024-08-29T15:00:22 IST" duration-ms="59" status="PASS">
          <reporter-output>
          </reporter-output>
        </test-method> <!-- cpTotalPriceDisplayingVsSumOfAllItemsCheck -->
        <test-method is-config="true" signature="TearDown()[pri:0, instance:tests.CartPageTest@696da30b]" started-at="2024-08-29T15:00:22 IST" name="TearDown" finished-at="2024-08-29T15:00:22 IST" duration-ms="760" status="PASS">
          <reporter-output>
          </reporter-output>
        </test-method> <!-- TearDown -->
        <test-method is-config="true" signature="setup()[pri:0, instance:tests.CartPageTest@696da30b]" started-at="2024-08-29T15:00:22 IST" name="setup" finished-at="2024-08-29T15:00:36 IST" duration-ms="13164" status="PASS">
          <reporter-output>
          </reporter-output>
        </test-method> <!-- setup -->
        <test-method signature="cpClearAllItemsCheck()[pri:7, instance:tests.CartPageTest@696da30b]" started-at="2024-08-29T15:00:36 IST" name="cpClearAllItemsCheck" finished-at="2024-08-29T15:00:36 IST" duration-ms="90" status="PASS">
          <reporter-output>
          </reporter-output>
        </test-method> <!-- cpClearAllItemsCheck -->
        <test-method is-config="true" signature="TearDown()[pri:0, instance:tests.CartPageTest@696da30b]" started-at="2024-08-29T15:00:36 IST" name="TearDown" finished-at="2024-08-29T15:00:37 IST" duration-ms="809" status="PASS">
          <reporter-output>
          </reporter-output>
        </test-method> <!-- TearDown -->
      </class> <!-- tests.CartPageTest -->
      <class name="tests.ProductsPageTest">
        <test-method is-config="true" signature="setup()[pri:0, instance:tests.ProductsPageTest@5fd4f8f5]" started-at="2024-08-29T14:58:00 IST" name="setup" finished-at="2024-08-29T14:58:05 IST" duration-ms="5484" status="PASS">
          <reporter-output>
          </reporter-output>
        </test-method> <!-- setup -->
        <test-method signature="ppHeadingCheck()[pri:1, instance:tests.ProductsPageTest@5fd4f8f5]" started-at="2024-08-29T14:58:05 IST" name="ppHeadingCheck" finished-at="2024-08-29T14:58:07 IST" duration-ms="1182" status="PASS">
          <reporter-output>
          </reporter-output>
        </test-method> <!-- ppHeadingCheck -->
        <test-method is-config="true" signature="TearDown()[pri:0, instance:tests.ProductsPageTest@5fd4f8f5]" started-at="2024-08-29T14:58:07 IST" name="TearDown" finished-at="2024-08-29T14:58:07 IST" duration-ms="724" status="PASS">
          <reporter-output>
          </reporter-output>
        </test-method> <!-- TearDown -->
        <test-method is-config="true" signature="setup()[pri:0, instance:tests.ProductsPageTest@5fd4f8f5]" started-at="2024-08-29T14:58:07 IST" name="setup" finished-at="2024-08-29T14:58:14 IST" duration-ms="6681" status="PASS">
          <reporter-output>
          </reporter-output>
        </test-method> <!-- setup -->
        <test-method signature="ppProductContainerCheck()[pri:2, instance:tests.ProductsPageTest@5fd4f8f5]" started-at="2024-08-29T14:58:14 IST" name="ppProductContainerCheck" finished-at="2024-08-29T14:58:26 IST" duration-ms="12274" status="PASS">
          <reporter-output>
          </reporter-output>
        </test-method> <!-- ppProductContainerCheck -->
        <test-method is-config="true" signature="TearDown()[pri:0, instance:tests.ProductsPageTest@5fd4f8f5]" started-at="2024-08-29T14:58:26 IST" name="TearDown" finished-at="2024-08-29T14:58:27 IST" duration-ms="714" status="PASS">
          <reporter-output>
          </reporter-output>
        </test-method> <!-- TearDown -->
        <test-method is-config="true" signature="setup()[pri:0, instance:tests.ProductsPageTest@5fd4f8f5]" started-at="2024-08-29T14:58:27 IST" name="setup" finished-at="2024-08-29T14:58:33 IST" duration-ms="5544" status="PASS">
          <reporter-output>
          </reporter-output>
        </test-method> <!-- setup -->
        <test-method signature="ppProductCategoriesCheck()[pri:3, instance:tests.ProductsPageTest@5fd4f8f5]" started-at="2024-08-29T14:58:33 IST" name="ppProductCategoriesCheck" finished-at="2024-08-29T14:58:34 IST" duration-ms="1351" status="PASS">
          <reporter-output>
          </reporter-output>
        </test-method> <!-- ppProductCategoriesCheck -->
        <test-method is-config="true" signature="TearDown()[pri:0, instance:tests.ProductsPageTest@5fd4f8f5]" started-at="2024-08-29T14:58:34 IST" name="TearDown" finished-at="2024-08-29T14:58:35 IST" duration-ms="774" status="PASS">
          <reporter-output>
          </reporter-output>
        </test-method> <!-- TearDown -->
        <test-method is-config="true" signature="setup()[pri:0, instance:tests.ProductsPageTest@5fd4f8f5]" started-at="2024-08-29T14:58:35 IST" name="setup" finished-at="2024-08-29T14:58:40 IST" duration-ms="5132" status="PASS">
          <reporter-output>
          </reporter-output>
        </test-method> <!-- setup -->
        <test-method signature="ppSelectedProductDataCheck()[pri:4, instance:tests.ProductsPageTest@5fd4f8f5]" started-at="2024-08-29T14:58:40 IST" name="ppSelectedProductDataCheck" finished-at="2024-08-29T14:58:42 IST" duration-ms="2545" status="PASS">
          <reporter-output>
          </reporter-output>
        </test-method> <!-- ppSelectedProductDataCheck -->
        <test-method is-config="true" signature="TearDown()[pri:0, instance:tests.ProductsPageTest@5fd4f8f5]" started-at="2024-08-29T14:58:42 IST" name="TearDown" finished-at="2024-08-29T14:58:43 IST" duration-ms="709" status="PASS">
          <reporter-output>
          </reporter-output>
        </test-method> <!-- TearDown -->
        <test-method is-config="true" signature="setup()[pri:0, instance:tests.ProductsPageTest@5fd4f8f5]" started-at="2024-08-29T14:58:43 IST" name="setup" finished-at="2024-08-29T14:58:48 IST" duration-ms="4793" status="PASS">
          <reporter-output>
          </reporter-output>
        </test-method> <!-- setup -->
        <test-method signature="ppCartButtonCheck()[pri:5, instance:tests.ProductsPageTest@5fd4f8f5]" started-at="2024-08-29T14:58:48 IST" name="ppCartButtonCheck" finished-at="2024-08-29T14:58:55 IST" duration-ms="7361" status="PASS">
          <reporter-output>
          </reporter-output>
        </test-method> <!-- ppCartButtonCheck -->
        <test-method is-config="true" signature="TearDown()[pri:0, instance:tests.ProductsPageTest@5fd4f8f5]" started-at="2024-08-29T14:58:55 IST" name="TearDown" finished-at="2024-08-29T14:58:56 IST" duration-ms="810" status="PASS">
          <reporter-output>
          </reporter-output>
        </test-method> <!-- TearDown -->
      </class> <!-- tests.ProductsPageTest -->
      <class name="tests.HomePageTest">
        <test-method is-config="true" signature="setup()[pri:0, instance:tests.HomePageTest@72cde7cc]" started-at="2024-08-29T14:57:03 IST" name="setup" finished-at="2024-08-29T14:57:09 IST" duration-ms="5392" status="PASS">
          <reporter-output>
          </reporter-output>
        </test-method> <!-- setup -->
        <test-method signature="hpLogoCheck()[pri:1, instance:tests.HomePageTest@72cde7cc]" started-at="2024-08-29T14:57:09 IST" name="hpLogoCheck" finished-at="2024-08-29T14:57:09 IST" duration-ms="576" status="PASS">
          <reporter-output>
          </reporter-output>
        </test-method> <!-- hpLogoCheck -->
        <test-method is-config="true" signature="TearDown()[pri:0, instance:tests.HomePageTest@72cde7cc]" started-at="2024-08-29T14:57:09 IST" name="TearDown" finished-at="2024-08-29T14:57:10 IST" duration-ms="797" status="PASS">
          <reporter-output>
          </reporter-output>
        </test-method> <!-- TearDown -->
        <test-method is-config="true" signature="setup()[pri:0, instance:tests.HomePageTest@72cde7cc]" started-at="2024-08-29T14:57:10 IST" name="setup" finished-at="2024-08-29T14:57:15 IST" duration-ms="4985" status="PASS">
          <reporter-output>
          </reporter-output>
        </test-method> <!-- setup -->
        <test-method signature="hpURLCheck()[pri:2, instance:tests.HomePageTest@72cde7cc]" started-at="2024-08-29T14:57:15 IST" name="hpURLCheck" finished-at="2024-08-29T14:57:16 IST" duration-ms="1074" status="PASS">
          <reporter-output>
          </reporter-output>
        </test-method> <!-- hpURLCheck -->
        <test-method is-config="true" signature="TearDown()[pri:0, instance:tests.HomePageTest@72cde7cc]" started-at="2024-08-29T14:57:16 IST" name="TearDown" finished-at="2024-08-29T14:57:17 IST" duration-ms="702" status="PASS">
          <reporter-output>
          </reporter-output>
        </test-method> <!-- TearDown -->
        <test-method is-config="true" signature="setup()[pri:0, instance:tests.HomePageTest@72cde7cc]" started-at="2024-08-29T14:57:17 IST" name="setup" finished-at="2024-08-29T14:57:22 IST" duration-ms="4985" status="PASS">
          <reporter-output>
          </reporter-output>
        </test-method> <!-- setup -->
        <test-method signature="hpHomeButtonCheck()[pri:3, instance:tests.HomePageTest@72cde7cc]" started-at="2024-08-29T14:57:22 IST" name="hpHomeButtonCheck" finished-at="2024-08-29T14:57:23 IST" duration-ms="566" status="PASS">
          <reporter-output>
          </reporter-output>
        </test-method> <!-- hpHomeButtonCheck -->
        <test-method is-config="true" signature="TearDown()[pri:0, instance:tests.HomePageTest@72cde7cc]" started-at="2024-08-29T14:57:23 IST" name="TearDown" finished-at="2024-08-29T14:57:23 IST" duration-ms="729" status="PASS">
          <reporter-output>
          </reporter-output>
        </test-method> <!-- TearDown -->
        <test-method is-config="true" signature="setup()[pri:0, instance:tests.HomePageTest@72cde7cc]" started-at="2024-08-29T14:57:23 IST" name="setup" finished-at="2024-08-29T14:57:29 IST" duration-ms="5376" status="PASS">
          <reporter-output>
          </reporter-output>
        </test-method> <!-- setup -->
        <test-method signature="hpProductsButtonCheck()[pri:4, instance:tests.HomePageTest@72cde7cc]" started-at="2024-08-29T14:57:29 IST" name="hpProductsButtonCheck" finished-at="2024-08-29T14:57:30 IST" duration-ms="1090" status="PASS">
          <reporter-output>
          </reporter-output>
        </test-method> <!-- hpProductsButtonCheck -->
        <test-method is-config="true" signature="TearDown()[pri:0, instance:tests.HomePageTest@72cde7cc]" started-at="2024-08-29T14:57:30 IST" name="TearDown" finished-at="2024-08-29T14:57:30 IST" duration-ms="738" status="PASS">
          <reporter-output>
          </reporter-output>
        </test-method> <!-- TearDown -->
        <test-method is-config="true" signature="setup()[pri:0, instance:tests.HomePageTest@72cde7cc]" started-at="2024-08-29T14:57:30 IST" name="setup" finished-at="2024-08-29T14:57:39 IST" duration-ms="8194" status="PASS">
          <reporter-output>
          </reporter-output>
        </test-method> <!-- setup -->
        <test-method signature="hpCartButtonCheck()[pri:5, instance:tests.HomePageTest@72cde7cc]" started-at="2024-08-29T14:57:39 IST" name="hpCartButtonCheck" finished-at="2024-08-29T14:57:40 IST" duration-ms="1099" status="PASS">
          <reporter-output>
          </reporter-output>
        </test-method> <!-- hpCartButtonCheck -->
        <test-method is-config="true" signature="TearDown()[pri:0, instance:tests.HomePageTest@72cde7cc]" started-at="2024-08-29T14:57:40 IST" name="TearDown" finished-at="2024-08-29T14:57:40 IST" duration-ms="713" status="PASS">
          <reporter-output>
          </reporter-output>
        </test-method> <!-- TearDown -->
        <test-method is-config="true" signature="setup()[pri:0, instance:tests.HomePageTest@72cde7cc]" started-at="2024-08-29T14:57:40 IST" name="setup" finished-at="2024-08-29T14:57:45 IST" duration-ms="4729" status="PASS">
          <reporter-output>
          </reporter-output>
        </test-method> <!-- setup -->
        <test-method signature="hpLogoutButtonCheck()[pri:5, instance:tests.HomePageTest@72cde7cc]" started-at="2024-08-29T14:57:45 IST" name="hpLogoutButtonCheck" finished-at="2024-08-29T14:57:46 IST" duration-ms="547" status="PASS">
          <reporter-output>
          </reporter-output>
        </test-method> <!-- hpLogoutButtonCheck -->
        <test-method is-config="true" signature="TearDown()[pri:0, instance:tests.HomePageTest@72cde7cc]" started-at="2024-08-29T14:57:46 IST" name="TearDown" finished-at="2024-08-29T14:57:46 IST" duration-ms="701" status="PASS">
          <reporter-output>
          </reporter-output>
        </test-method> <!-- TearDown -->
        <test-method is-config="true" signature="setup()[pri:0, instance:tests.HomePageTest@72cde7cc]" started-at="2024-08-29T14:57:46 IST" name="setup" finished-at="2024-08-29T14:57:52 IST" duration-ms="5175" status="PASS">
          <reporter-output>
          </reporter-output>
        </test-method> <!-- setup -->
        <test-method signature="hpHeadingCheck()[pri:6, instance:tests.HomePageTest@72cde7cc]" started-at="2024-08-29T14:57:52 IST" name="hpHeadingCheck" finished-at="2024-08-29T14:57:52 IST" duration-ms="589" status="PASS">
          <reporter-output>
          </reporter-output>
        </test-method> <!-- hpHeadingCheck -->
        <test-method is-config="true" signature="TearDown()[pri:0, instance:tests.HomePageTest@72cde7cc]" started-at="2024-08-29T14:57:52 IST" name="TearDown" finished-at="2024-08-29T14:57:53 IST" duration-ms="700" status="PASS">
          <reporter-output>
          </reporter-output>
        </test-method> <!-- TearDown -->
        <test-method is-config="true" signature="setup()[pri:0, instance:tests.HomePageTest@72cde7cc]" started-at="2024-08-29T14:57:53 IST" name="setup" finished-at="2024-08-29T14:57:59 IST" duration-ms="5642" status="PASS">
          <reporter-output>
          </reporter-output>
        </test-method> <!-- setup -->
        <test-method signature="hpShopNowCheck()[pri:7, instance:tests.HomePageTest@72cde7cc]" started-at="2024-08-29T14:57:59 IST" name="hpShopNowCheck" finished-at="2024-08-29T14:57:59 IST" duration-ms="619" status="PASS">
          <reporter-output>
          </reporter-output>
        </test-method> <!-- hpShopNowCheck -->
        <test-method is-config="true" signature="TearDown()[pri:0, instance:tests.HomePageTest@72cde7cc]" started-at="2024-08-29T14:57:59 IST" name="TearDown" finished-at="2024-08-29T14:58:00 IST" duration-ms="752" status="PASS">
          <reporter-output>
          </reporter-output>
        </test-method> <!-- TearDown -->
      </class> <!-- tests.HomePageTest -->
      <class name="tests.LoginPageTest">
        <test-method is-config="true" signature="setup()[pri:0, instance:tests.LoginPageTest@609db43b]" started-at="2024-08-29T14:56:20 IST" name="setup" finished-at="2024-08-29T14:56:28 IST" duration-ms="7906" status="PASS">
          <reporter-output>
          </reporter-output>
        </test-method> <!-- setup -->
        <test-method signature="lpLogoCheck()[pri:1, instance:tests.LoginPageTest@609db43b]" started-at="2024-08-29T14:56:28 IST" name="lpLogoCheck" finished-at="2024-08-29T14:56:28 IST" duration-ms="41" status="PASS">
          <reporter-output>
          </reporter-output>
        </test-method> <!-- lpLogoCheck -->
        <test-method is-config="true" signature="TearDown()[pri:0, instance:tests.LoginPageTest@609db43b]" started-at="2024-08-29T14:56:28 IST" name="TearDown" finished-at="2024-08-29T14:56:29 IST" duration-ms="750" status="PASS">
          <reporter-output>
          </reporter-output>
        </test-method> <!-- TearDown -->
        <test-method is-config="true" signature="setup()[pri:0, instance:tests.LoginPageTest@609db43b]" started-at="2024-08-29T14:56:29 IST" name="setup" finished-at="2024-08-29T14:56:33 IST" duration-ms="4575" status="PASS">
          <reporter-output>
          </reporter-output>
        </test-method> <!-- setup -->
        <test-method signature="lpValidLoginCheck(java.lang.String,java.lang.String,java.lang.String)[pri:2, instance:tests.LoginPageTest@609db43b]" started-at="2024-08-29T14:56:33 IST" name="lpValidLoginCheck" data-provider="credentials" finished-at="2024-08-29T14:56:34 IST" duration-ms="1271" status="PASS">
          <params>
            <param index="0">
              <value>
                <![CDATA[validCredentials]]>
              </value>
            </param>
            <param index="1">
              <value>
                <![CDATA[rahul]]>
              </value>
            </param>
            <param index="2">
              <value>
                <![CDATA[rahul@2021]]>
              </value>
            </param>
          </params>
          <reporter-output>
          </reporter-output>
        </test-method> <!-- lpValidLoginCheck -->
        <test-method is-config="true" signature="TearDown()[pri:0, instance:tests.LoginPageTest@609db43b]" started-at="2024-08-29T14:56:34 IST" name="TearDown" finished-at="2024-08-29T14:56:35 IST" duration-ms="711" status="PASS">
          <reporter-output>
          </reporter-output>
        </test-method> <!-- TearDown -->
        <test-method is-config="true" signature="setup()[pri:0, instance:tests.LoginPageTest@609db43b]" started-at="2024-08-29T14:56:35 IST" name="setup" finished-at="2024-08-29T14:56:40 IST" duration-ms="4884" status="PASS">
          <reporter-output>
          </reporter-output>
        </test-method> <!-- setup -->
        <test-method signature="lpValidLoginCheck(java.lang.String,java.lang.String,java.lang.String)[pri:2, instance:tests.LoginPageTest@609db43b]" started-at="2024-08-29T14:56:40 IST" name="lpValidLoginCheck" data-provider="credentials" finished-at="2024-08-29T14:56:41 IST" duration-ms="1313" status="PASS">
          <params>
            <param index="0">
              <value>
                <![CDATA[invalidUserName]]>
              </value>
            </param>
            <param index="1">
              <value>
                <![CDATA[rahu]]>
              </value>
            </param>
            <param index="2">
              <value>
                <![CDATA[rahul@2021]]>
              </value>
            </param>
          </params>
          <reporter-output>
          </reporter-output>
        </test-method> <!-- lpValidLoginCheck -->
        <test-method is-config="true" signature="TearDown()[pri:0, instance:tests.LoginPageTest@609db43b]" started-at="2024-08-29T14:56:41 IST" name="TearDown" finished-at="2024-08-29T14:56:42 IST" duration-ms="696" status="PASS">
          <reporter-output>
          </reporter-output>
        </test-method> <!-- TearDown -->
        <test-method is-config="true" signature="setup()[pri:0, instance:tests.LoginPageTest@609db43b]" started-at="2024-08-29T14:56:42 IST" name="setup" finished-at="2024-08-29T14:56:48 IST" duration-ms="5672" status="PASS">
          <reporter-output>
          </reporter-output>
        </test-method> <!-- setup -->
        <test-method signature="lpValidLoginCheck(java.lang.String,java.lang.String,java.lang.String)[pri:2, instance:tests.LoginPageTest@609db43b]" started-at="2024-08-29T14:56:48 IST" name="lpValidLoginCheck" data-provider="credentials" finished-at="2024-08-29T14:56:49 IST" duration-ms="1338" status="PASS">
          <params>
            <param index="0">
              <value>
                <![CDATA[invalidPassword]]>
              </value>
            </param>
            <param index="1">
              <value>
                <![CDATA[rahul]]>
              </value>
            </param>
            <param index="2">
              <value>
                <![CDATA[rahul@202]]>
              </value>
            </param>
          </params>
          <reporter-output>
          </reporter-output>
        </test-method> <!-- lpValidLoginCheck -->
        <test-method is-config="true" signature="TearDown()[pri:0, instance:tests.LoginPageTest@609db43b]" started-at="2024-08-29T14:56:49 IST" name="TearDown" finished-at="2024-08-29T14:56:50 IST" duration-ms="774" status="PASS">
          <reporter-output>
          </reporter-output>
        </test-method> <!-- TearDown -->
        <test-method is-config="true" signature="setup()[pri:0, instance:tests.LoginPageTest@609db43b]" started-at="2024-08-29T14:56:50 IST" name="setup" finished-at="2024-08-29T14:56:55 IST" duration-ms="5650" status="PASS">
          <reporter-output>
          </reporter-output>
        </test-method> <!-- setup -->
        <test-method signature="lpValidLoginCheck(java.lang.String,java.lang.String,java.lang.String)[pri:2, instance:tests.LoginPageTest@609db43b]" started-at="2024-08-29T14:56:55 IST" name="lpValidLoginCheck" data-provider="credentials" finished-at="2024-08-29T14:56:56 IST" duration-ms="772" status="PASS">
          <params>
            <param index="0">
              <value>
                <![CDATA[invalidCredentials]]>
              </value>
            </param>
            <param index="1">
              <value>
                <![CDATA[rahu]]>
              </value>
            </param>
            <param index="2">
              <value>
                <![CDATA[rahul@202]]>
              </value>
            </param>
          </params>
          <reporter-output>
          </reporter-output>
        </test-method> <!-- lpValidLoginCheck -->
        <test-method is-config="true" signature="TearDown()[pri:0, instance:tests.LoginPageTest@609db43b]" started-at="2024-08-29T14:56:56 IST" name="TearDown" finished-at="2024-08-29T14:56:57 IST" duration-ms="721" status="PASS">
          <reporter-output>
          </reporter-output>
        </test-method> <!-- TearDown -->
        <test-method is-config="true" signature="setup()[pri:0, instance:tests.LoginPageTest@609db43b]" started-at="2024-08-29T14:56:57 IST" name="setup" finished-at="2024-08-29T14:57:02 IST" duration-ms="5050" status="PASS">
          <reporter-output>
          </reporter-output>
        </test-method> <!-- setup -->
        <test-method signature="lpValidLoginCheck(java.lang.String,java.lang.String,java.lang.String)[pri:2, instance:tests.LoginPageTest@609db43b]" started-at="2024-08-29T14:57:02 IST" name="lpValidLoginCheck" data-provider="credentials" finished-at="2024-08-29T14:57:03 IST" duration-ms="732" status="PASS">
          <params>
            <param index="0">
              <value>
                <![CDATA[emptyCredentials]]>
              </value>
            </param>
            <param index="1">
              <value>
                <![CDATA[]]>
              </value>
            </param>
            <param index="2">
              <value>
                <![CDATA[]]>
              </value>
            </param>
          </params>
          <reporter-output>
          </reporter-output>
        </test-method> <!-- lpValidLoginCheck -->
        <test-method is-config="true" signature="TearDown()[pri:0, instance:tests.LoginPageTest@609db43b]" started-at="2024-08-29T14:57:03 IST" name="TearDown" finished-at="2024-08-29T14:57:03 IST" duration-ms="700" status="PASS">
          <reporter-output>
          </reporter-output>
        </test-method> <!-- TearDown -->
      </class> <!-- tests.LoginPageTest -->
    </test> <!-- E:/Kiran/Learning Nxtwave/TestngDemoProject -->
  </suite> <!-- All Test Suite -->
</testng-results>
